<?xml version="1.0" encoding="UTF-8"?>
<testng-results skipped="0" failed="0" ignored="0" total="1" passed="1">
  <reporter-output>
  </reporter-output>
  <suite name="Default suite" duration-ms="10043" started-at="2018-02-18T20:19:08Z" finished-at="2018-02-18T20:19:18Z">
    <groups>
    </groups>
    <test name="Default test" duration-ms="10043" started-at="2018-02-18T20:19:08Z" finished-at="2018-02-18T20:19:18Z">
      <class name="jenkins_Git_Demo.Selenium_Jenskins_integration">
        <test-method status="PASS" signature="setUp()[pri:0, instance:jenkins_Git_Demo.Selenium_Jenskins_integration@4cc0edeb]" name="setUp" is-config="true" duration-ms="7098" started-at="2018-02-18T20:19:08Z" finished-at="2018-02-18T20:19:16Z">
          <reporter-output>
          </reporter-output>
        </test-method> <!-- setUp -->
        <test-method status="PASS" signature="test()[pri:0, instance:jenkins_Git_Demo.Selenium_Jenskins_integration@4cc0edeb]" name="test" duration-ms="2068" started-at="2018-02-18T20:19:16Z" finished-at="2018-02-18T20:19:18Z">
          <reporter-output>
          </reporter-output>
        </test-method> <!-- test -->
        <test-method status="PASS" signature="tearDown()[pri:0, instance:jenkins_Git_Demo.Selenium_Jenskins_integration@4cc0edeb]" name="tearDown" is-config="true" duration-ms="805" started-at="2018-02-18T20:19:18Z" finished-at="2018-02-18T20:19:18Z">
          <reporter-output>
          </reporter-output>
        </test-method> <!-- tearDown -->
      </class> <!-- jenkins_Git_Demo.Selenium_Jenskins_integration -->
    </test> <!-- Default test -->
  </suite> <!-- Default suite -->
</testng-results>
